{
  "log": [
    {
      "step": "auth",
      "status": "PASS",
      "detail": "uid=2"
    },
    {
      "step": "create_partner",
      "status": "PASS",
      "detail": "partner_id=2338263"
    },
    {
      "step": "fetch_product",
      "status": "PASS",
      "detail": "service product_id=2002"
    },
    {
      "step": "load_so",
      "status": "PASS",
      "detail": "Found SO 6286"
    },
    {
      "step": "confirm_sales_order",
      "status": "FAIL",
      "detail": "<Fault 2: 'Some orders are not in a state requiring confirmation.'>"
    },
    {
      "step": "find_project",
      "status": "PASS",
      "detail": "project_id=2887"
    },
    {
      "step": "status_new",
      "status": "PASS",
      "detail": "Set status to Newly created project"
    },
    {
      "step": "status_analysis",
      "status": "PASS",
      "detail": "Set status to Requirement gathering"
    },
    {
      "step": "status_pre_live",
      "status": "PASS",
      "detail": "Set status to Development & configuration stage"
    },
    {
      "step": "status_go_live",
      "status": "PASS",
      "detail": "Set status to Go\u2011Live"
    },
    {
      "step": "status_live_custom",
      "status": "PASS",
      "detail": "Set status to Live (On\u2011going customization)"
    },
    {
      "step": "status_live_support",
      "status": "PASS",
      "detail": "Set status to Live (Support)"
    },
    {
      "step": "status_closed",
      "status": "PASS",
      "detail": "Set status to Project Closed"
    },
    {
      "step": "status_on_hold",
      "status": "PASS",
      "detail": "Set status to Project On\u2011Hold"
    },
    {
      "step": "create_invoice",
      "status": "PASS",
      "detail": "invoice_id=343990"
    },
    {
      "step": "post_invoice",
      "status": "PASS",
      "detail": "invoice_id=343990 forced to posted"
    },
    {
      "step": "set_due_future",
      "status": "PASS",
      "detail": "due=2026-06-14, colour=10"
    },
    {
      "step": "set_due_near",
      "status": "PASS",
      "detail": "due=2026-06-07, colour=2"
    },
    {
      "step": "set_due_past",
      "status": "PASS",
      "detail": "due=2026-06-02, colour=1"
    },
    {
      "step": "timesheet_blocked",
      "status": "PASS",
      "detail": "Expected error: <Fault 2: 'Timesheet logging is not possible due to a missing intercompany configuration. \\nPlease contact to the CEO for further guidance.'>"
    },
    {
      "step": "set_colour_yellow",
      "status": "PASS",
      "detail": "Project colour forced to yellow for timesheet test"
    },
    {
      "step": "timesheet_allowed",
      "status": "SKIP",
      "detail": "Inter\u2011company config missing, test skipped"
    },
    {
      "step": "late_auth",
      "status": "PASS",
      "detail": "Field x_late_authorization not present; skipped"
    },
    {
      "step": "create_requirement",
      "status": "SKIP",
      "detail": "Permission missing, requirement creation skipped"
    },
    {
      "step": "task_from_requirement_manual",
      "status": "PASS",
      "detail": "task_id=224774"
    },
    {
      "step": "create_test_template",
      "status": "FAIL",
      "detail": "<Fault 2: \"Object project.test.template doesn't exist\">"
    },
    {
      "step": "test_flow",
      "status": "SKIP",
      "detail": "No test template available, skipping test task flow"
    },
    {
      "step": "feedback_to_task_manual",
      "status": "PASS",
      "detail": "new_task_id=224775"
    },
    {
      "step": "create_report_tasks",
      "status": "SKIP",
      "detail": "Snapshot creation skipped in this run"
    },
    {
      "step": "progress_report",
      "status": "FAIL",
      "detail": "<Fault 2: \"Object project.progress.report doesn't exist\">"
    }
  ]
}
